Buildfile: C:\Users\Jie\git\ReCiter\build.xml

clean:
   [delete] Deleting directory C:\Users\Jie\git\ReCiter\build
   [delete] Deleting directory C:\Users\Jie\git\ReCiter\install

prepare:
    [mkdir] Created dir: C:\Users\Jie\git\ReCiter\build
    [mkdir] Created dir: C:\Users\Jie\git\ReCiter\install
     [copy] Copying 2 files to C:\Users\Jie\git\ReCiter\build\WebContent
    [mkdir] Created dir: C:\Users\Jie\git\ReCiter\build\WebContent\WEB-INF\classes
    [mkdir] Created dir: C:\Users\Jie\git\ReCiter\build\WebContent\WEB-INF\lib

compile:
    [javac] C:\Users\Jie\git\ReCiter\build.xml:55: warning: 'includeantruntime' was not set, defaulting to build.sysclasspath=last; set to false for repeatable builds
    [javac] Compiling 272 source files to C:\Users\Jie\git\ReCiter\build\WebContent\WEB-INF\classes
    [javac] C:\Users\Jie\git\ReCiter\src\main\java\reciter\model\author\AuthorName.java:6: error: package org.apache.commons.lang3 does not exist
    [javac] import org.apache.commons.lang3.StringUtils;
    [javac]                                ^
    [javac] C:\Users\Jie\git\ReCiter\src\main\java\reciter\algorithm\cluster\clusteringstrategy\article\NameMatchingClusteringStrategy.java:8: error: package org.apache.commons.lang3 does not exist
    [javac] import org.apache.commons.lang3.StringUtils;
    [javac]                                ^
    [javac] C:\Users\Jie\git\ReCiter\src\main\java\reciter\algorithm\cluster\targetauthor\ReCiterClusterSelector.java:12: error: package org.apache.commons.lang3 does not exist
    [javac] import org.apache.commons.lang3.StringUtils;
    [javac]                                ^
    [javac] C:\Users\Jie\git\ReCiter\src\main\java\reciter\algorithm\evidence\article\journal\strategy\JournalStrategy.java:5: error: package org.apache.commons.lang3 does not exist
    [javac] import org.apache.commons.lang3.StringUtils;
    [javac]                                ^
    [javac] C:\Users\Jie\git\ReCiter\src\main\java\reciter\algorithm\evidence\targetauthor\AbstractTargetAuthorStrategy.java:3: error: package org.apache.commons.lang3 does not exist
    [javac] import org.apache.commons.lang3.StringUtils;
    [javac]                                ^
    [javac] C:\Users\Jie\git\ReCiter\src\main\java\reciter\algorithm\evidence\targetauthor\affiliation\strategy\WeillCornellAffiliationStrategy.java:5: error: package org.apache.commons.lang3 does not exist
    [javac] import org.apache.commons.lang3.StringUtils;
    [javac]                                ^
    [javac] C:\Users\Jie\git\ReCiter\src\main\java\reciter\algorithm\evidence\targetauthor\citizenship\strategy\CitizenshipStrategy.java:6: error: package org.apache.commons.lang3 does not exist
    [javac] import org.apache.commons.lang3.StringUtils;
    [javac]                                ^
    [javac] C:\Users\Jie\git\ReCiter\src\main\java\reciter\algorithm\evidence\targetauthor\department\strategy\DepartmentStringMatchStrategy.java:7: error: package org.apache.commons.lang3 does not exist
    [javac] import org.apache.commons.lang3.StringUtils;
    [javac]                                ^
    [javac] C:\Users\Jie\git\ReCiter\src\main\java\reciter\algorithm\evidence\targetauthor\education\strategy\EducationStrategy.java:6: error: package org.apache.commons.lang3 does not exist
    [javac] import org.apache.commons.lang3.StringUtils;
    [javac]                                ^
    [javac] C:\Users\Jie\git\ReCiter\src\main\java\reciter\algorithm\evidence\targetauthor\name\strategy\NameStrategy.java:5: error: package org.apache.commons.lang3 does not exist
    [javac] import org.apache.commons.lang3.StringUtils;
    [javac]                                ^
    [javac] C:\Users\Jie\git\ReCiter\src\main\java\reciter\algorithm\evidence\targetauthor\name\strategy\RemoveByNameStrategy.java:5: error: package org.apache.commons.lang3 does not exist
    [javac] import org.apache.commons.lang3.StringUtils;
    [javac]                                ^
    [javac] C:\Users\Jie\git\ReCiter\src\main\java\reciter\algorithm\evidence\targetauthor\scopus\strategy\StringMatchingAffiliation.java:6: error: package org.apache.commons.lang3 does not exist
    [javac] import org.apache.commons.lang3.StringUtils;
    [javac]                                ^
    [javac] C:\Users\Jie\git\ReCiter\src\main\java\reciter\database\mongo\ESearchResultDataAccess.java:3: error: package org.bson does not exist
    [javac] import org.bson.Document;
    [javac]                ^
    [javac] C:\Users\Jie\git\ReCiter\src\main\java\reciter\database\mongo\ESearchResultDataAccess.java:7: error: cannot find symbol
    [javac] 	void insertESearchResult(Document eSearchResult);
    [javac] 	                         ^
    [javac]   symbol:   class Document
    [javac]   location: interface ESearchResultDataAccess
    [javac] C:\Users\Jie\git\ReCiter\src\main\java\reciter\database\mongo\MongoConnectionFactory.java:3: error: package com.mongodb does not exist
    [javac] import com.mongodb.MongoClient;
    [javac]                   ^
    [javac] C:\Users\Jie\git\ReCiter\src\main\java\reciter\database\mongo\MongoConnectionFactory.java:7: error: cannot find symbol
    [javac] 	private MongoClient client = null;
    [javac] 	        ^
    [javac]   symbol:   class MongoClient
    [javac]   location: class MongoConnectionFactory
    [javac] C:\Users\Jie\git\ReCiter\src\main\java\reciter\database\mongo\MongoConnectionFactory.java:13: error: cannot find symbol
    [javac] 	public MongoClient getClient() {
    [javac] 	       ^
    [javac]   symbol:   class MongoClient
    [javac]   location: class MongoConnectionFactory
    [javac] C:\Users\Jie\git\ReCiter\src\main\java\reciter\database\mongo\MongoDbClient.java:8: error: package com.mongodb does not exist
    [javac] import com.mongodb.MongoClient;
    [javac]                   ^
    [javac] C:\Users\Jie\git\ReCiter\src\main\java\reciter\database\mongo\MongoDbClient.java:9: error: package com.mongodb.client does not exist
    [javac] import com.mongodb.client.MongoDatabase;
    [javac]                          ^
    [javac] C:\Users\Jie\git\ReCiter\src\main\java\reciter\database\mongo\MongoDbClient.java:10: error: package org.bson does not exist
    [javac] import org.bson.Document;
    [javac]                ^
    [javac] C:\Users\Jie\git\ReCiter\src\main\java\reciter\database\mongo\impl\ESearchResultDataAccessImpl.java:3: error: package org.bson does not exist
    [javac] import org.bson.Document;
    [javac]                ^
    [javac] C:\Users\Jie\git\ReCiter\src\main\java\reciter\database\mongo\impl\ESearchResultDataAccessImpl.java:5: error: package com.mongodb does not exist
    [javac] import com.mongodb.MongoClient;
    [javac]                   ^
    [javac] C:\Users\Jie\git\ReCiter\src\main\java\reciter\database\mongo\impl\ESearchResultDataAccessImpl.java:13: error: cannot find symbol
    [javac] 	public void insertESearchResult(Document eSearchResult) {
    [javac] 	                                ^
    [javac]   symbol:   class Document
    [javac]   location: class ESearchResultDataAccessImpl
    [javac] C:\Users\Jie\git\ReCiter\src\main\java\reciter\database\mongo\impl\PubMedDataAccessImpl.java:3: error: package org.bson does not exist
    [javac] import org.bson.Document;
    [javac]                ^
    [javac] C:\Users\Jie\git\ReCiter\src\main\java\reciter\database\mongo\impl\PubMedDataAccessImpl.java:5: error: package com.mongodb does not exist
    [javac] import com.mongodb.MongoClient;
    [javac]                   ^
    [javac] C:\Users\Jie\git\ReCiter\src\main\java\reciter\database\mongo\impl\PubMedDataAccessImpl.java:6: error: package com.mongodb.client.model does not exist
    [javac] import com.mongodb.client.model.UpdateOptions;
    [javac]                                ^
    [javac] C:\Users\Jie\git\ReCiter\src\main\java\reciter\erroranalysis\AnalysisTranslator.java:5: error: package org.apache.commons.lang3 does not exist
    [javac] import org.apache.commons.lang3.StringUtils;
    [javac]                                ^
    [javac] C:\Users\Jie\git\ReCiter\src\main\java\reciter\service\impl\ESearchResultServiceImpl.java:5: error: package org.bson does not exist
    [javac] import org.bson.Document;
    [javac]                ^
    [javac] C:\Users\Jie\git\ReCiter\src\main\java\reciter\service\impl\PubMedServiceImpl.java:5: error: package com.google.gson does not exist
    [javac] import com.google.gson.Gson;
    [javac]                       ^
    [javac] C:\Users\Jie\git\ReCiter\src\main\java\reciter\xml\parser\translator\ArticleTranslator.java:8: error: package org.apache.commons.lang3 does not exist
    [javac] import org.apache.commons.lang3.StringUtils;
    [javac]                                ^
    [javac] C:\Users\Jie\git\ReCiter\src\main\java\reciter\xml\retriever\pubmed\AbstractRetrievalStrategy.java:21: error: package org.apache.commons.lang3 does not exist
    [javac] import org.apache.commons.lang3.StringUtils;
    [javac]                                ^
    [javac] C:\Users\Jie\git\ReCiter\src\main\java\reciter\xml\retriever\pubmed\AbstractRetrievalStrategy.java:26: error: package com.google.gson does not exist
    [javac] import com.google.gson.Gson;
    [javac]                       ^
    [javac] C:\Users\Jie\git\ReCiter\src\main\java\reciter\xml\retriever\pubmed\AbstractRetrievalStrategy.java:27: error: package com.google.gson does not exist
    [javac] import com.google.gson.GsonBuilder;
    [javac]                       ^
    [javac] C:\Users\Jie\git\ReCiter\src\main\java\reciter\xml\retriever\pubmed\json\EsearchObjectJsonDeserializer.java:5: error: package com.google.gson does not exist
    [javac] import com.google.gson.JsonDeserializationContext;
    [javac]                       ^
    [javac] C:\Users\Jie\git\ReCiter\src\main\java\reciter\xml\retriever\pubmed\json\EsearchObjectJsonDeserializer.java:6: error: package com.google.gson does not exist
    [javac] import com.google.gson.JsonDeserializer;
    [javac]                       ^
    [javac] C:\Users\Jie\git\ReCiter\src\main\java\reciter\xml\retriever\pubmed\json\EsearchObjectJsonDeserializer.java:7: error: package com.google.gson does not exist
    [javac] import com.google.gson.JsonElement;
    [javac]                       ^
    [javac] C:\Users\Jie\git\ReCiter\src\main\java\reciter\xml\retriever\pubmed\json\EsearchObjectJsonDeserializer.java:8: error: package com.google.gson does not exist
    [javac] import com.google.gson.JsonObject;
    [javac]                       ^
    [javac] C:\Users\Jie\git\ReCiter\src\main\java\reciter\xml\retriever\pubmed\json\EsearchObjectJsonDeserializer.java:9: error: package com.google.gson does not exist
    [javac] import com.google.gson.JsonParseException;
    [javac]                       ^
    [javac] C:\Users\Jie\git\ReCiter\src\main\java\reciter\xml\retriever\pubmed\json\EsearchObjectJsonDeserializer.java:11: error: cannot find symbol
    [javac] public class EsearchObjectJsonDeserializer implements JsonDeserializer<EsearchObject> {
    [javac]                                                       ^
    [javac]   symbol: class JsonDeserializer
    [javac] C:\Users\Jie\git\ReCiter\src\main\java\reciter\xml\retriever\pubmed\json\EsearchObjectJsonDeserializer.java:14: error: cannot find symbol
    [javac] 	public EsearchObject deserialize(JsonElement jsonElement, Type type, JsonDeserializationContext context) 
    [javac] 	                                 ^
    [javac]   symbol:   class JsonElement
    [javac]   location: class EsearchObjectJsonDeserializer
    [javac] C:\Users\Jie\git\ReCiter\src\main\java\reciter\xml\retriever\pubmed\json\EsearchObjectJsonDeserializer.java:14: error: cannot find symbol
    [javac] 	public EsearchObject deserialize(JsonElement jsonElement, Type type, JsonDeserializationContext context) 
    [javac] 	                                                                     ^
    [javac]   symbol:   class JsonDeserializationContext
    [javac]   location: class EsearchObjectJsonDeserializer
    [javac] C:\Users\Jie\git\ReCiter\src\main\java\reciter\xml\retriever\pubmed\json\EsearchObjectJsonDeserializer.java:15: error: cannot find symbol
    [javac] 			throws JsonParseException {
    [javac] 			       ^
    [javac]   symbol:   class JsonParseException
    [javac]   location: class EsearchObjectJsonDeserializer
    [javac] C:\Users\Jie\git\ReCiter\src\main\java\reciter\xml\retriever\pubmed\json\EsearchResultJsonDeserializer.java:5: error: package com.google.gson does not exist
    [javac] import com.google.gson.JsonDeserializationContext;
    [javac]                       ^
    [javac] C:\Users\Jie\git\ReCiter\src\main\java\reciter\xml\retriever\pubmed\json\EsearchResultJsonDeserializer.java:6: error: package com.google.gson does not exist
    [javac] import com.google.gson.JsonDeserializer;
    [javac]                       ^
    [javac] C:\Users\Jie\git\ReCiter\src\main\java\reciter\xml\retriever\pubmed\json\EsearchResultJsonDeserializer.java:7: error: package com.google.gson does not exist
    [javac] import com.google.gson.JsonElement;
    [javac]                       ^
    [javac] C:\Users\Jie\git\ReCiter\src\main\java\reciter\xml\retriever\pubmed\json\EsearchResultJsonDeserializer.java:8: error: package com.google.gson does not exist
    [javac] import com.google.gson.JsonObject;
    [javac]                       ^
    [javac] C:\Users\Jie\git\ReCiter\src\main\java\reciter\xml\retriever\pubmed\json\EsearchResultJsonDeserializer.java:9: error: package com.google.gson does not exist
    [javac] import com.google.gson.JsonParseException;
    [javac]                       ^
    [javac] C:\Users\Jie\git\ReCiter\src\main\java\reciter\xml\retriever\pubmed\json\EsearchResultJsonDeserializer.java:11: error: cannot find symbol
    [javac] public class EsearchResultJsonDeserializer implements JsonDeserializer<EsearchResult> {
    [javac]                                                       ^
    [javac]   symbol: class JsonDeserializer
    [javac] C:\Users\Jie\git\ReCiter\src\main\java\reciter\xml\retriever\pubmed\json\EsearchResultJsonDeserializer.java:14: error: cannot find symbol
    [javac] 	public EsearchResult deserialize(JsonElement jsonElement, Type type, JsonDeserializationContext context)
    [javac] 	                                 ^
    [javac]   symbol:   class JsonElement
    [javac]   location: class EsearchResultJsonDeserializer
    [javac] C:\Users\Jie\git\ReCiter\src\main\java\reciter\xml\retriever\pubmed\json\EsearchResultJsonDeserializer.java:14: error: cannot find symbol
    [javac] 	public EsearchResult deserialize(JsonElement jsonElement, Type type, JsonDeserializationContext context)
    [javac] 	                                                                     ^
    [javac]   symbol:   class JsonDeserializationContext
    [javac]   location: class EsearchResultJsonDeserializer
    [javac] C:\Users\Jie\git\ReCiter\src\main\java\reciter\xml\retriever\pubmed\json\EsearchResultJsonDeserializer.java:15: error: cannot find symbol
    [javac] 			throws JsonParseException {
    [javac] 			       ^
    [javac]   symbol:   class JsonParseException
    [javac]   location: class EsearchResultJsonDeserializer
    [javac] C:\Users\Jie\git\ReCiter\src\main\java\reciter\model\author\AuthorName.java:50: error: cannot find symbol
    [javac] 		this.firstName = StringUtils.capitalize(StringUtils.lowerCase(StringUtils.trim(firstName)));
    [javac] 		                                                              ^
    [javac]   symbol:   variable StringUtils
    [javac]   location: class AuthorName
    [javac] C:\Users\Jie\git\ReCiter\src\main\java\reciter\model\author\AuthorName.java:50: error: cannot find symbol
    [javac] 		this.firstName = StringUtils.capitalize(StringUtils.lowerCase(StringUtils.trim(firstName)));
    [javac] 		                                        ^
    [javac]   symbol:   variable StringUtils
    [javac]   location: class AuthorName
    [javac] C:\Users\Jie\git\ReCiter\src\main\java\reciter\model\author\AuthorName.java:50: error: cannot find symbol
    [javac] 		this.firstName = StringUtils.capitalize(StringUtils.lowerCase(StringUtils.trim(firstName)));
    [javac] 		                 ^
    [javac]   symbol:   variable StringUtils
    [javac]   location: class AuthorName
    [javac] C:\Users\Jie\git\ReCiter\src\main\java\reciter\model\author\AuthorName.java:51: error: cannot find symbol
    [javac] 		this.middleName = StringUtils.capitalize(StringUtils.lowerCase(StringUtils.trim(middleName)));
    [javac] 		                                                               ^
    [javac]   symbol:   variable StringUtils
    [javac]   location: class AuthorName
    [javac] C:\Users\Jie\git\ReCiter\src\main\java\reciter\model\author\AuthorName.java:51: error: cannot find symbol
    [javac] 		this.middleName = StringUtils.capitalize(StringUtils.lowerCase(StringUtils.trim(middleName)));
    [javac] 		                                         ^
    [javac]   symbol:   variable StringUtils
    [javac]   location: class AuthorName
    [javac] C:\Users\Jie\git\ReCiter\src\main\java\reciter\model\author\AuthorName.java:51: error: cannot find symbol
    [javac] 		this.middleName = StringUtils.capitalize(StringUtils.lowerCase(StringUtils.trim(middleName)));
    [javac] 		                  ^
    [javac]   symbol:   variable StringUtils
    [javac]   location: class AuthorName
    [javac] C:\Users\Jie\git\ReCiter\src\main\java\reciter\model\author\AuthorName.java:52: error: cannot find symbol
    [javac] 		this.lastName = StringUtils.capitalize(StringUtils.lowerCase(StringUtils.trim(lastName)));
    [javac] 		                                                             ^
    [javac]   symbol:   variable StringUtils
    [javac]   location: class AuthorName
    [javac] C:\Users\Jie\git\ReCiter\src\main\java\reciter\model\author\AuthorName.java:52: error: cannot find symbol
    [javac] 		this.lastName = StringUtils.capitalize(StringUtils.lowerCase(StringUtils.trim(lastName)));
    [javac] 		                                       ^
    [javac]   symbol:   variable StringUtils
    [javac]   location: class AuthorName
    [javac] C:\Users\Jie\git\ReCiter\src\main\java\reciter\model\author\AuthorName.java:52: error: cannot find symbol
    [javac] 		this.lastName = StringUtils.capitalize(StringUtils.lowerCase(StringUtils.trim(lastName)));
    [javac] 		                ^
    [javac]   symbol:   variable StringUtils
    [javac]   location: class AuthorName
    [javac] C:\Users\Jie\git\ReCiter\src\main\java\reciter\model\author\AuthorName.java:53: error: cannot find symbol
    [javac] 		firstInitial = StringUtils.substring(this.firstName, 0, 1);
    [javac] 		               ^
    [javac]   symbol:   variable StringUtils
    [javac]   location: class AuthorName
    [javac] C:\Users\Jie\git\ReCiter\src\main\java\reciter\model\author\AuthorName.java:54: error: cannot find symbol
    [javac] 		middleInitial = StringUtils.substring(this.middleName, 0, 1);
    [javac] 		                ^
    [javac]   symbol:   variable StringUtils
    [javac]   location: class AuthorName
    [javac] C:\Users\Jie\git\ReCiter\src\main\java\reciter\model\author\AuthorName.java:74: error: cannot find symbol
    [javac] 		return StringUtils.equals(getFirstInitial(), name.getFirstInitial()) &&
    [javac] 		       ^
    [javac]   symbol:   variable StringUtils
    [javac]   location: class AuthorName
    [javac] C:\Users\Jie\git\ReCiter\src\main\java\reciter\model\author\AuthorName.java:75: error: cannot find symbol
    [javac] 				StringUtils.equals(getLastName(), name.getLastName());
    [javac] 				^
    [javac]   symbol:   variable StringUtils
    [javac]   location: class AuthorName
    [javac] C:\Users\Jie\git\ReCiter\src\main\java\reciter\model\author\AuthorName.java:80: error: cannot find symbol
    [javac] 		if (StringUtils.equals("333", pattern)) {
    [javac] 		    ^
    [javac]   symbol:   variable StringUtils
    [javac]   location: class AuthorName
    [javac] C:\Users\Jie\git\ReCiter\src\main\java\reciter\model\author\AuthorName.java:82: error: cannot find symbol
    [javac] 		} else if (StringUtils.equals("332", pattern) || StringUtils.equals("323", pattern)) {
    [javac] 		           ^
    [javac]   symbol:   variable StringUtils
    [javac]   location: class AuthorName
    [javac] C:\Users\Jie\git\ReCiter\src\main\java\reciter\model\author\AuthorName.java:82: error: cannot find symbol
    [javac] 		} else if (StringUtils.equals("332", pattern) || StringUtils.equals("323", pattern)) {
    [javac] 		                                                 ^
    [javac]   symbol:   variable StringUtils
    [javac]   location: class AuthorName
    [javac] C:\Users\Jie\git\ReCiter\src\main\java\reciter\model\author\AuthorName.java:84: error: cannot find symbol
    [javac] 		} else if (StringUtils.equals("331", pattern)) {
    [javac] 		           ^
    [javac]   symbol:   variable StringUtils
    [javac]   location: class AuthorName
    [javac] C:\Users\Jie\git\ReCiter\src\main\java\reciter\model\author\AuthorName.java:86: error: cannot find symbol
    [javac] 		} else if (StringUtils.equals("330", pattern)) {
    [javac] 		           ^
    [javac]   symbol:   variable StringUtils
    [javac]   location: class AuthorName
    [javac] C:\Users\Jie\git\ReCiter\src\main\java\reciter\model\author\AuthorName.java:88: error: cannot find symbol
    [javac] 		} else if (StringUtils.equals("322", pattern)) {
    [javac] 		           ^
    [javac]   symbol:   variable StringUtils
    [javac]   location: class AuthorName
    [javac] C:\Users\Jie\git\ReCiter\src\main\java\reciter\model\author\AuthorName.java:103: error: cannot find symbol
    [javac] 		if ((StringUtils.length(x) == 1 || StringUtils.length(y) == 1) &&
    [javac] 		     ^
    [javac]   symbol:   variable StringUtils
    [javac]   location: class AuthorName
    [javac] C:\Users\Jie\git\ReCiter\src\main\java\reciter\model\author\AuthorName.java:103: error: cannot find symbol
    [javac] 		if ((StringUtils.length(x) == 1 || StringUtils.length(y) == 1) &&
    [javac] 		                                   ^
    [javac]   symbol:   variable StringUtils
    [javac]   location: class AuthorName
    [javac] C:\Users\Jie\git\ReCiter\src\main\java\reciter\model\author\AuthorName.java:104: error: cannot find symbol
    [javac] 				(StringUtils.equals(StringUtils.substring(x, 0, 1), StringUtils.substring(y, 0, 1)))) { // either is initial
    [javac] 				                    ^
    [javac]   symbol:   variable StringUtils
    [javac]   location: class AuthorName
    [javac] C:\Users\Jie\git\ReCiter\src\main\java\reciter\model\author\AuthorName.java:104: error: cannot find symbol
    [javac] 				(StringUtils.equals(StringUtils.substring(x, 0, 1), StringUtils.substring(y, 0, 1)))) { // either is initial
    [javac] 				                                                    ^
    [javac]   symbol:   variable StringUtils
    [javac]   location: class AuthorName
    [javac] C:\Users\Jie\git\ReCiter\src\main\java\reciter\model\author\AuthorName.java:104: error: cannot find symbol
    [javac] 				(StringUtils.equals(StringUtils.substring(x, 0, 1), StringUtils.substring(y, 0, 1)))) { // either is initial
    [javac] 				 ^
    [javac]   symbol:   variable StringUtils
    [javac]   location: class AuthorName
    [javac] C:\Users\Jie\git\ReCiter\src\main\java\reciter\model\author\AuthorName.java:106: error: cannot find symbol
    [javac] 		} else if (StringUtils.length(x) == 0 || StringUtils.length(y) == 0) { // either is null
    [javac] 		           ^
    [javac]   symbol:   variable StringUtils
    [javac]   location: class AuthorName
    [javac] C:\Users\Jie\git\ReCiter\src\main\java\reciter\model\author\AuthorName.java:106: error: cannot find symbol
    [javac] 		} else if (StringUtils.length(x) == 0 || StringUtils.length(y) == 0) { // either is null
    [javac] 		                                         ^
    [javac]   symbol:   variable StringUtils
    [javac]   location: class AuthorName
    [javac] C:\Users\Jie\git\ReCiter\src\main\java\reciter\model\author\AuthorName.java:108: error: cannot find symbol
    [javac] 		} else if (StringUtils.equals(x, y)) {
    [javac] 		           ^
    [javac]   symbol:   variable StringUtils
    [javac]   location: class AuthorName
    [javac] C:\Users\Jie\git\ReCiter\src\main\java\reciter\model\author\AuthorName.java:129: error: cannot find symbol
    [javac] 		return StringUtils.equalsIgnoreCase(firstName, name.getFirstName()) &&
    [javac] 		       ^
    [javac]   symbol:   variable StringUtils
    [javac]   location: class AuthorName
    [javac] C:\Users\Jie\git\ReCiter\src\main\java\reciter\model\author\AuthorName.java:130: error: cannot find symbol
    [javac] 				StringUtils.equalsIgnoreCase(middleName, name.getMiddleName()) &&
    [javac] 				^
    [javac]   symbol:   variable StringUtils
    [javac]   location: class AuthorName
    [javac] C:\Users\Jie\git\ReCiter\src\main\java\reciter\model\author\AuthorName.java:131: error: cannot find symbol
    [javac] 				StringUtils.equalsIgnoreCase(lastName, name.getLastName());
    [javac] 				^
    [javac]   symbol:   variable StringUtils
    [javac]   location: class AuthorName
    [javac] C:\Users\Jie\git\ReCiter\src\main\java\reciter\model\author\AuthorName.java:136: error: cannot find symbol
    [javac] 		return (StringUtils.length(firstName) > 1 || StringUtils.length(middleName) > 1);
    [javac] 		        ^
    [javac]   symbol:   variable StringUtils
    [javac]   location: class AuthorName
    [javac] C:\Users\Jie\git\ReCiter\src\main\java\reciter\model\author\AuthorName.java:136: error: cannot find symbol
    [javac] 		return (StringUtils.length(firstName) > 1 || StringUtils.length(middleName) > 1);
    [javac] 		                                             ^
    [javac]   symbol:   variable StringUtils
    [javac]   location: class AuthorName
    [javac] C:\Users\Jie\git\ReCiter\src\main\java\reciter\model\author\AuthorName.java:183: error: cannot find symbol
    [javac] 		if (StringUtils.length(firstName) > 1) {
    [javac] 		    ^
    [javac]   symbol:   variable StringUtils
    [javac]   location: class AuthorName
    [javac] C:\Users\Jie\git\ReCiter\src\main\java\reciter\model\author\AuthorName.java:184: error: cannot find symbol
    [javac] 			String firstInitial = StringUtils.substring(firstName, 0, 1);
    [javac] 			                      ^
    [javac]   symbol:   variable StringUtils
    [javac]   location: class AuthorName
    [javac] C:\Users\Jie\git\ReCiter\src\main\java\reciter\model\author\AuthorName.java:192: error: cannot find symbol
    [javac] 			if (StringUtils.length(middleName) > 1) {
    [javac] 			    ^
    [javac]   symbol:   variable StringUtils
    [javac]   location: class AuthorName
    [javac] C:\Users\Jie\git\ReCiter\src\main\java\reciter\model\author\AuthorName.java:194: error: cannot find symbol
    [javac] 				String middleInitial = StringUtils.substring(middleName, 0, 1);
    [javac] 				                       ^
    [javac]   symbol:   variable StringUtils
    [javac]   location: class AuthorName
    [javac] C:\Users\Jie\git\ReCiter\src\main\java\reciter\model\author\AuthorName.java:210: error: cannot find symbol
    [javac] 		this.firstName = StringUtils.capitalize(StringUtils.lowerCase(StringUtils.trim(firstName)));
    [javac] 		                                                              ^
    [javac]   symbol:   variable StringUtils
    [javac]   location: class AuthorName
    [javac] C:\Users\Jie\git\ReCiter\src\main\java\reciter\model\author\AuthorName.java:210: error: cannot find symbol
    [javac] 		this.firstName = StringUtils.capitalize(StringUtils.lowerCase(StringUtils.trim(firstName)));
    [javac] 		                                        ^
    [javac]   symbol:   variable StringUtils
    [javac]   location: class AuthorName
    [javac] C:\Users\Jie\git\ReCiter\src\main\java\reciter\model\author\AuthorName.java:210: error: cannot find symbol
    [javac] 		this.firstName = StringUtils.capitalize(StringUtils.lowerCase(StringUtils.trim(firstName)));
    [javac] 		                 ^
    [javac]   symbol:   variable StringUtils
    [javac]   location: class AuthorName
    [javac] C:\Users\Jie\git\ReCiter\src\main\java\reciter\model\author\AuthorName.java:221: error: cannot find symbol
    [javac] 		this.middleName = StringUtils.capitalize(StringUtils.lowerCase(StringUtils.trim(middleName)));
    [javac] 		                                                               ^
    [javac]   symbol:   variable StringUtils
    [javac]   location: class AuthorName
    [javac] C:\Users\Jie\git\ReCiter\src\main\java\reciter\model\author\AuthorName.java:221: error: cannot find symbol
    [javac] 		this.middleName = StringUtils.capitalize(StringUtils.lowerCase(StringUtils.trim(middleName)));
    [javac] 		                                         ^
    [javac]   symbol:   variable StringUtils
    [javac]   location: class AuthorName
    [javac] C:\Users\Jie\git\ReCiter\src\main\java\reciter\model\author\AuthorName.java:221: error: cannot find symbol
    [javac] 		this.middleName = StringUtils.capitalize(StringUtils.lowerCase(StringUtils.trim(middleName)));
    [javac] 		                  ^
    [javac]   symbol:   variable StringUtils
    [javac]   location: class AuthorName
    [javac] C:\Users\Jie\git\ReCiter\src\main\java\reciter\model\author\AuthorName.java:232: error: cannot find symbol
    [javac] 		this.lastName = StringUtils.capitalize(StringUtils.lowerCase(StringUtils.trim(lastName)));
    [javac] 		                                                             ^
    [javac]   symbol:   variable StringUtils
    [javac]   location: class AuthorName
    [javac] C:\Users\Jie\git\ReCiter\src\main\java\reciter\model\author\AuthorName.java:232: error: cannot find symbol
    [javac] 		this.lastName = StringUtils.capitalize(StringUtils.lowerCase(StringUtils.trim(lastName)));
    [javac] 		                                       ^
    [javac]   symbol:   variable StringUtils
    [javac]   location: class AuthorName
    [javac] C:\Users\Jie\git\ReCiter\src\main\java\reciter\model\author\AuthorName.java:232: error: cannot find symbol
    [javac] 		this.lastName = StringUtils.capitalize(StringUtils.lowerCase(StringUtils.trim(lastName)));
    [javac] 		                ^
    [javac]   symbol:   variable StringUtils
    [javac]   location: class AuthorName
    [javac] C:\Users\Jie\git\ReCiter\src\main\java\reciter\algorithm\cluster\clusteringstrategy\article\NameMatchingClusteringStrategy.java:150: error: cannot find symbol
    [javac] 									StringUtils.equalsIgnoreCase(newArticleJournal, articleInClusterJournal)) {
    [javac] 									^
    [javac]   symbol:   variable StringUtils
    [javac]   location: class NameMatchingClusteringStrategy
    [javac] C:\Users\Jie\git\ReCiter\src\main\java\reciter\algorithm\cluster\targetauthor\ReCiterClusterSelector.java:255: error: cannot find symbol
    [javac] 						boolean isMiddleNameMatch = StringUtils.equalsIgnoreCase(
    [javac] 						                            ^
    [javac]   symbol:   variable StringUtils
    [javac]   location: class ReCiterClusterSelector
    [javac] C:\Users\Jie\git\ReCiter\src\main\java\reciter\algorithm\cluster\targetauthor\ReCiterClusterSelector.java:258: error: cannot find symbol
    [javac] 						boolean isFirstNameMatch = StringUtils.equalsIgnoreCase(
    [javac] 						                           ^
    [javac]   symbol:   variable StringUtils
    [javac]   location: class ReCiterClusterSelector
    [javac] C:\Users\Jie\git\ReCiter\src\main\java\reciter\algorithm\evidence\article\journal\strategy\JournalStrategy.java:28: error: cannot find symbol
    [javac] 				boolean isFirstNameMatch = StringUtils.equalsIgnoreCase(
    [javac] 				                           ^
    [javac]   symbol:   variable StringUtils
    [javac]   location: class JournalStrategy
    [javac] Note: C:\Users\Jie\git\ReCiter\src\main\java\reciter\database\dao\impl\WCMCYearDescrepanciesDaoImpl.java uses or overrides a deprecated API.
    [javac] Note: Recompile with -Xlint:deprecation for details.
    [javac] 100 errors
